2019-11-16 20:49:50.814 [Test worker] ERROR c.g.c.music.service.impl.TencentMusicServiceImpl:152 - vkey 获取成功 guid: 8808616651 vkey:D47C497ED5F3DC128608997E88C77431E014A01A9680D513B8DED57DB31959D052A5CF70F8044FF466F7B1E72283C011BFD8C847513DDB8A
2019-11-16 20:49:50.830 [Test worker] ERROR c.g.c.music.service.impl.TencentMusicServiceImpl:152 - vkey 获取成功 guid: 2682473193 vkey:01AB445FD2E2294B662C53ABC67CCA994AADE0B2F091899C644AA12210255371328FC51F04D4B54B9D1DB9A408C310068E9FCBD9AD24F30C
2019-11-16 20:49:50.904 [Test worker] ERROR c.g.c.music.service.impl.TencentMusicServiceImpl:152 - vkey 获取成功 guid: 3736963206 vkey:596AC0EF9F5A8E889A3B200FB25D3FC2DA204939F2AA00C7A8A3160756475133F4062912EF230871A2B245E628020B421E528310F09DD420
2019-11-16 20:49:50.953 [Test worker] ERROR c.g.c.music.service.impl.TencentMusicServiceImpl:152 - vkey 获取成功 guid: 6983623616 vkey:22237B0D1C2F7C12951EA7A92B2DADF6681C28D92EED982914039B733D6E071D14D8CEA96FB24F49EF46DE226EA1F8F851D2AA172731EC99
2019-11-16 20:49:51.002 [Test worker] ERROR c.g.c.music.service.impl.TencentMusicServiceImpl:152 - vkey 获取成功 guid: 5794847003 vkey:EC304F56B699F53B9243E3F0BDDFFB4EB14EDE990BD4B42668FEFCB21126A3870DB3EEE97B30C5621F929971E74A1FB8124A4BEA818BF77F
2019-11-16 20:49:51.049 [Test worker] ERROR c.g.c.music.service.impl.TencentMusicServiceImpl:152 - vkey 获取成功 guid: 1446740667 vkey:D65291E2328EA9750BCFA21A9D85200B28FE24EF6118D091E7333EDFD01A4378E32C12D43F6B22F58B90B373D83E149D9907B3BCFFD8CE34
2019-11-16 20:49:51.064 [Test worker] ERROR c.g.c.music.service.impl.TencentMusicServiceImpl:152 - vkey 获取成功 guid: 6509860745 vkey:CD5F8C19C2B772833F86CA3E7DCA164A8E8DFF500E527C31C3DBA4DCCB6FA502771989FE959DE188722834C85944919546BB6655BCF4BD37
2019-11-16 20:51:33.607 [Test worker] ERROR c.g.c.music.service.impl.TencentMusicServiceImpl:152 - vkey 获取成功 guid: 9270835316 vkey:427B91C42F9E974765E7B5508FC96C829DBBB10700FA91C5F71F53A3C08C739FADFF6C7B740D7567671FB9532AB7FD472C2B624E9537017B
2019-11-16 20:51:33.661 [Test worker] ERROR c.g.c.music.service.impl.TencentMusicServiceImpl:152 - vkey 获取成功 guid: 8567841992 vkey:5C1580201E1BFD014E8862ABCB8701754A3F072B31DABDEA19FF8A9AD9CEF6A27FEF85AE57D079AC63FBAF1545758791D730098EE46FB5F1
2019-11-16 20:51:33.711 [Test worker] ERROR c.g.c.music.service.impl.TencentMusicServiceImpl:152 - vkey 获取成功 guid: 7687319891 vkey:E535C2C891EB7F9985CF32C32B5EF90C30EA3A0D6565014E5A3AF9D0B4294F55B691628DD3FC8FD190C2246EB7113F290D53E69A3A55FB77
2019-11-16 20:51:33.766 [Test worker] ERROR c.g.c.music.service.impl.TencentMusicServiceImpl:152 - vkey 获取成功 guid: 6609168364 vkey:9CC7B2B4B70BCAB32834EC856A660A1699FF79EC34D3ABB1B8EC97FE1D30395A19757D98630804C4A2D3D06C5E2400F9D6D3A13417405D1F
2019-11-16 20:51:33.816 [Test worker] ERROR c.g.c.music.service.impl.TencentMusicServiceImpl:152 - vkey 获取成功 guid: 3770507097 vkey:343B2D196B414C2DF291EC9850CC5900928B99A19891D8582D309C8744F2940C395811BEDC821F97362D344B691347D36C3BD3EC1474C6CD
2019-11-16 20:51:33.864 [Test worker] ERROR c.g.c.music.service.impl.TencentMusicServiceImpl:152 - vkey 获取成功 guid: 3703691723 vkey:56E922997F40FC0F882B3F0E68B9D7DFBB738806AFD5A00F3E1C984DEA8451AC115E66824E8B79150DD95DF9BB7FE7D889A16551F1FD50C4
2019-11-16 20:51:33.907 [Test worker] ERROR c.g.c.music.service.impl.TencentMusicServiceImpl:152 - vkey 获取成功 guid: 1130780971 vkey:80A3F10FD40D2FE0664ECBF1B13AF90A7FFAD2B344F41FFA338FB4FE8472FF9C4B3E9336DED2A9593B80CE0F933C14AC51CF7E3A31E88D6A
2019-11-16 20:52:44.283 [Test worker] ERROR c.g.c.music.service.impl.TencentMusicServiceImpl:152 - vkey 获取成功 guid: 6233292437 vkey:22E3288AAA6078C8BD958244E004A8439B13C07F3D902BA5B890B2421982ABFA1E6459D9C4910B98E566CB1F7F3BEA0000CD193BF91225E0
2019-11-16 20:52:44.305 [Test worker] ERROR c.g.c.music.service.impl.TencentMusicServiceImpl:152 - vkey 获取成功 guid: 7031088954 vkey:0C8B4B369DF2A98AC3C9D6BB9621CF4136BEF1A66877DFC6B33D00F6258D6A0DD696ADA22BE207EF2C9B037440DF2F014C6F8149EDC60A1B
2019-11-16 20:52:44.356 [Test worker] ERROR c.g.c.music.service.impl.TencentMusicServiceImpl:152 - vkey 获取成功 guid: 3936762621 vkey:2F6AC87910EFB34DDB25A70C5D342F836A4BDA8DE0F51A278669832B0325981A6FC84860A7C6593C3BF5F85B40D3D5A928FFF1952CDACB46
2019-11-16 20:52:44.408 [Test worker] ERROR c.g.c.music.service.impl.TencentMusicServiceImpl:152 - vkey 获取成功 guid: 9347802105 vkey:9E7C45CA8DE085FEBE768D8C5EF6EF4AA1A1E7BE128B1FCC877566898244E61DF1994F1D96370CAFD6017A9C80D5433F955839CE179A4372
2019-11-16 20:52:44.456 [Test worker] ERROR c.g.c.music.service.impl.TencentMusicServiceImpl:152 - vkey 获取成功 guid: 5307615063 vkey:50A3E74DA080BF4F29DD42A97605A0CDE4D2162C87B60122343B70D79E09C89B1F67AC7A4566A1AFAD320CEE63550150D95433601FF9235B
2019-11-16 20:52:44.495 [Test worker] ERROR c.g.c.music.service.impl.TencentMusicServiceImpl:152 - vkey 获取成功 guid: 4432768789 vkey:6853828B099B390C7B9CEDCFC711FE232DDA322ED1A961FB67B2C78077414AA140AA59B73B4616CB59617B782B9FF2A70203A2840FBEC9F6
2019-11-16 20:52:44.545 [Test worker] ERROR c.g.c.music.service.impl.TencentMusicServiceImpl:152 - vkey 获取成功 guid: 2335712224 vkey:B12F4F3AEAA33A01EA5877DA037977074DB6317B0AA1FED5071F54E1D448C869001FEE5EC7BE7437CADC5380D104B26A3144439024FF2695
2019-11-16 20:58:07.913 [Test worker] ERROR c.g.c.music.service.impl.TencentMusicServiceImpl:152 - vkey 获取成功 guid: 4741396538 vkey:A186AC49713E4B3F6DA1A1677B476036869A58EFF0CD8FC6F1CACDA50BE60B0E78C81F5FF0175560945C5BD4B0A2840EC254D68A0DA7EDE9
2019-11-16 20:58:07.960 [Test worker] ERROR c.g.c.music.service.impl.TencentMusicServiceImpl:152 - vkey 获取成功 guid: 3309201821 vkey:F84D633047674A39E299CC2A35BD57716254168E59D2162F46784D3667F5F27EF8BDB63F8197F79B9B6193112444E68038F7DA0ED2677B4B
2019-11-16 20:58:08.001 [Test worker] ERROR c.g.c.music.service.impl.TencentMusicServiceImpl:152 - vkey 获取成功 guid: 3077457878 vkey:014C59781739A8FA10B23173BA36F2E30B0F2C71FBBCD4F6AA6A3F1827D06BC71D4795D6D6E57D7046D8D56ABB12B8D7564E6B0339E817A3
2019-11-16 20:58:08.034 [Test worker] ERROR c.g.c.music.service.impl.TencentMusicServiceImpl:152 - vkey 获取成功 guid: 6409231794 vkey:B2C9887ECD767BD3332A3C2CA510A3F1BA6B1FE6D43F053D1E64AEAD1BB32CA9AE5EF545BEE09055A17717F1F857371B6C4BB18CA65506E1
2019-11-16 20:58:08.078 [Test worker] ERROR c.g.c.music.service.impl.TencentMusicServiceImpl:152 - vkey 获取成功 guid: 5014861808 vkey:247094EEF82AD3B954FAFB8D300AD516E5D4A12764B91B7C7ED47D7228891CB683D7398E3039C281443A2922DC25713EF293C842EA6460DE
2019-11-16 20:58:08.121 [Test worker] ERROR c.g.c.music.service.impl.TencentMusicServiceImpl:152 - vkey 获取成功 guid: 4434082326 vkey:FB8609BCA23752508828D48C08F5709F3FB60805FD33AB8A7E4ED11A9DBCF055BCD2D34961B1797E5FCD96AE1B398C2061DEA5B549257A52
2019-11-16 20:58:08.169 [Test worker] ERROR c.g.c.music.service.impl.TencentMusicServiceImpl:152 - vkey 获取成功 guid: 7762774726 vkey:73E9864DB042AC4C2ED46D4C23E122C5F5F2271B85135BAEB32D47C36CA365AB1FC626DCFF1C798F8DAEF609A777EAD86FFE32145796DB66
2019-11-16 21:05:06.067 [Test worker] ERROR c.g.c.music.service.impl.TencentMusicServiceImpl:152 - vkey 获取成功 guid: 2788052790 vkey:35BC3576A5AA5427C42B805AB793F879227E31D64F0686B5FBA26CC2C61176E33311435BF5A808EC0C5B6172C64D6F1EC1B8A46D46617FD7
2019-11-16 21:05:06.112 [Test worker] ERROR c.g.c.music.service.impl.TencentMusicServiceImpl:152 - vkey 获取成功 guid: 4670422495 vkey:3AD38352B6DE537FC266AE06FAD0F7CE80948BA96CFD35263EBB39FD945FFCFE1E83EB6BF477CF0D9D2F41A3BE4BF7A4D03C41EA54B7EFD7
2019-11-16 21:05:06.158 [Test worker] ERROR c.g.c.music.service.impl.TencentMusicServiceImpl:152 - vkey 获取成功 guid: 9625679062 vkey:55D8C62296981730809BB77F90B417B8E739BC35DC049A7DD262BB8CDC1D27CEA011017E308474391FED3DD1097F59F9B7916863433B5CB3
2019-11-16 21:05:06.183 [Test worker] ERROR c.g.c.music.service.impl.TencentMusicServiceImpl:152 - vkey 获取成功 guid: 5359192879 vkey:C5BF0DB51E449AA60A69D983E1DD6244B67321014998F3C625CB4EC7044C8DCC4A88A9249FFB8474031052ECE86C4B92384FA8EFC09A5C67
2019-11-16 21:05:06.207 [Test worker] ERROR c.g.c.music.service.impl.TencentMusicServiceImpl:152 - vkey 获取成功 guid: 5621116728 vkey:90F3CC1163839E1BFF3DE041EFE85331674AA18C5DBAA6AB96F38DFA06349B43BD6B3EF1DBE7FB99223506177D16D1E3DFB30FCE99834881
2019-11-16 21:05:06.225 [Test worker] ERROR c.g.c.music.service.impl.TencentMusicServiceImpl:152 - vkey 获取成功 guid: 2613140785 vkey:28D819CB9F5E93E086459744581E3FBFFF65AD0C84597FFB2976A17889C7CAF952A4496348CB849D96A362547A109F349E9A3A11B6613879
2019-11-16 21:05:06.280 [Test worker] ERROR c.g.c.music.service.impl.TencentMusicServiceImpl:152 - vkey 获取成功 guid: 9456485397 vkey:9A686C4691014FA82F15680D2438674885D16C382A6D67B870B6B221187F804D966ACFA8B1491711752A6757F234A586307979066832AFBA
2019-11-16 21:06:55.840 [Test worker] ERROR c.g.c.music.service.impl.TencentMusicServiceImpl:152 - vkey 获取成功 guid: 8928521519 vkey:5E066A1F202729FECA339227494596D7992F0039B5FC8DDF3AA8B8D4166CA55181A7DA76C99A4DC37B3EA2AAA48EC4D72C03699CE98B617C
2019-11-16 21:06:55.889 [Test worker] ERROR c.g.c.music.service.impl.TencentMusicServiceImpl:152 - vkey 获取成功 guid: 7770147852 vkey:6DB5D85B1957F6B471521B4F012031AA0E4CD836F2F40B4D0C086F8B3B0A793B933BB2460E3EC7B20100A75DA257D16090B963005F33E8FE
2019-11-16 21:06:56.007 [Test worker] ERROR c.g.c.music.service.impl.TencentMusicServiceImpl:152 - vkey 获取成功 guid: 5687835591 vkey:DE24CB04251F60A552C8B8A1F69C49EC606328CC2E22D1D7B1EF92678E3648AC3CDC1616A220B2EF9CB71137993CA512567A9226D14E0CAC
2019-11-16 21:06:56.080 [Test worker] ERROR c.g.c.music.service.impl.TencentMusicServiceImpl:152 - vkey 获取成功 guid: 7283286782 vkey:DF822A725BCBE44B1635D135F36281909599C9C5AA48BFEFC45B84D66D635BAA5B1F434A8BD8E24852633270E1D5F573E2CA4EFDAD9C617A
2019-11-16 21:06:56.132 [Test worker] ERROR c.g.c.music.service.impl.TencentMusicServiceImpl:152 - vkey 获取成功 guid: 3880121442 vkey:3F078D7719AB1B9C826E15C8F42C486EDCBDCABCB4943C118F8856C5174100C0F56880BB49ED077D7B7944DB352488E76EDD7BD877A98803
2019-11-16 21:06:56.199 [Test worker] ERROR c.g.c.music.service.impl.TencentMusicServiceImpl:152 - vkey 获取成功 guid: 5331401309 vkey:917FF86ECE7AC679AE4AF98F08B1A4061ABE007CB595E8FFB4444998FE7D56371194DE5D1474825D41391E0689C49CA8424A2A5537391A45
2019-11-16 21:06:56.283 [Test worker] ERROR c.g.c.music.service.impl.TencentMusicServiceImpl:152 - vkey 获取成功 guid: 9441342244 vkey:012212DB9457501A057DCC1212E55BE092FB99EB3FFA9FB2DFD9AF75BE020C9BA8D695BE5FF7D65CA715E332274C3E81BCD788CD1EA9F42C
2019-11-16 21:07:13.904 [Test worker] ERROR c.g.c.music.service.impl.TencentMusicServiceImpl:152 - vkey 获取成功 guid: 1432976507 vkey:5EACB3FBEFD7D2F5B3E595D8EB8DC1CA86456DB943ECB8C683AD3C58C2B875C89CF183D73977F81C28177DA6EBE7688DA0DF38DB2F54379E
2019-11-16 21:07:13.959 [Test worker] ERROR c.g.c.music.service.impl.TencentMusicServiceImpl:152 - vkey 获取成功 guid: 1678229590 vkey:48294EE9FD5A06491BD9782961C72541EC9D3DE5AEF107D3963948170EEC508E0F3F44CD0E7F9862035AF7D19EE212FAADBE2B9C4FAE62C7
2019-11-16 21:07:14.008 [Test worker] ERROR c.g.c.music.service.impl.TencentMusicServiceImpl:152 - vkey 获取成功 guid: 6154930959 vkey:BB3A9A1EE56566658ACAAA7BE445E4BE8904354DBC13F25DFF0E0125CE8422F0567A37C615BD3E9F6E75DAF3A23E4876A94ECD22673D1108
2019-11-16 21:07:14.054 [Test worker] ERROR c.g.c.music.service.impl.TencentMusicServiceImpl:152 - vkey 获取成功 guid: 3039648107 vkey:2445D43FA08EBD7E7BC2F006204D6D827F1EB7E364A7781B4685856D2F2ADFA4FE2A53213DB0869CB7E4D9D6A3A43B64E38A038491899477
2019-11-16 21:07:14.130 [Test worker] ERROR c.g.c.music.service.impl.TencentMusicServiceImpl:152 - vkey 获取成功 guid: 8902167861 vkey:97B7D2DE9C0D827EF5BBCE331AA6FA751BD8C12F2DB045497DE8334EA2169B550707C519D9C5F4E35D24AFEEEAC0C7F542BF223D0D3DF903
2019-11-16 21:07:14.190 [Test worker] ERROR c.g.c.music.service.impl.TencentMusicServiceImpl:152 - vkey 获取成功 guid: 1768091802 vkey:E1207739EF0A8CAEE5A3EEE0D1939DC1E6CB7FD88886EBEE9EA5969CD6B8CE42C157CE8B33AA44C077327B2BFB834797B2667991EA286A4A
2019-11-16 21:07:14.240 [Test worker] ERROR c.g.c.music.service.impl.TencentMusicServiceImpl:152 - vkey 获取成功 guid: 2316672809 vkey:38D87FB816589AC74D421A8D044EEF814FC82AA5D99639EEC1662F900945BCF773C1CE77D63D0C7C43AA8E8D2B1EB4709B8D14C5F8DDFDF7
2019-11-16 21:16:30.288 [Test worker] ERROR c.g.c.music.service.impl.TencentMusicServiceImpl:152 - vkey 获取成功 guid: 5526807008 vkey:4E3285CB51394AA59593B2AF531EFBE359C5E30F5FCB3C6F366707DD87D2E6817EE671571E27DA6D3C0CB477BB64AA4A86BA68C24BDF1FB0
2019-11-16 21:16:30.332 [Test worker] ERROR c.g.c.music.service.impl.TencentMusicServiceImpl:152 - vkey 获取成功 guid: 6748023183 vkey:4B64DFF95410632C1890D9E06A5918E14F1B9B6A7A61C7671EF7709BA91BCB105C0B256F1FA2A9461674B8E2802A966E4E7E993A76F0604A
2019-11-16 21:16:30.352 [Test worker] ERROR c.g.c.music.service.impl.TencentMusicServiceImpl:152 - vkey 获取成功 guid: 6470889676 vkey:089DF57ECDB537FA0DC4A5A027952778BBDE65724FE41BE1E09FF301F408C3260838660951A33D765F62E04C216128640B59C0DD24BCABC2
2019-11-16 21:16:30.397 [Test worker] ERROR c.g.c.music.service.impl.TencentMusicServiceImpl:152 - vkey 获取成功 guid: 7878844906 vkey:5E93EF31E3CF7D08B38C97A6379836365A30593036869AE7AFD9B46A831987BBDCD5E6DA17365A09AD4DD1F6E3BD7B462C736A6E2EB8A585
2019-11-16 21:16:30.441 [Test worker] ERROR c.g.c.music.service.impl.TencentMusicServiceImpl:152 - vkey 获取成功 guid: 5128749559 vkey:01C792C4E5250FD7097FF935C03FD4E6BE0D45A21333398AE551481E27D295EF5153EB4B119E769AD60B370AA7E07420256822F2E629D333
2019-11-16 21:16:30.490 [Test worker] ERROR c.g.c.music.service.impl.TencentMusicServiceImpl:152 - vkey 获取成功 guid: 1601440767 vkey:B445E692174139A59A29FBE3ED36411B92413699FF1B4BD0B1283DA60D8762E462AB00EA7B3433B36878C74AE9FF8DEBA09964ECAA107B70
2019-11-16 21:16:30.531 [Test worker] ERROR c.g.c.music.service.impl.TencentMusicServiceImpl:152 - vkey 获取成功 guid: 9830325599 vkey:A6148614EDC02A150122AB85608C17A66620481AC89DA698D2AE5BCCB237A4BA10E027B215E9928A747B3A01E70BB5544925A63C78F9892B
2019-11-16 21:35:17.836 [Test worker] ERROR c.g.c.music.service.impl.TencentMusicServiceImpl:152 - vkey 获取成功 guid: 9179397917 vkey:613F39DBCB8F48F6ECDA30F31761FFFFD4EE129F827A1BD23570E818C3DB442D835F3B670EECA8C6DC6DE3C927C757B9C5614FA519B7EFAF
2019-11-16 21:35:17.878 [Test worker] ERROR c.g.c.music.service.impl.TencentMusicServiceImpl:152 - vkey 获取成功 guid: 7912178039 vkey:A1A614AF81EBAAFC8C065AE449BA889EA3BC0B0D903338DE31537D9E3E6319C066F0A3979DAC033DAD701A24008E43A6B6E0526ED231BB4F
2019-11-16 21:35:17.919 [Test worker] ERROR c.g.c.music.service.impl.TencentMusicServiceImpl:152 - vkey 获取成功 guid: 5384386295 vkey:CD4B17F7901C4CDA8814DF26E542BB57A8098CB6AF5BC482A9DEFBD895521217261EDB7928BECA5B183B25815281535C3AABF0412F9F63B3
2019-11-16 21:35:17.990 [Test worker] ERROR c.g.c.music.service.impl.TencentMusicServiceImpl:152 - vkey 获取成功 guid: 2851709760 vkey:6F76613B9DBD2D9C1B0AC8E3E376ED863AD9EEF885D871D9D78F595C1380451C5214B8FB918A840DC9D657D8590EAF6E7CC61F380FE8D382
2019-11-16 21:35:18.042 [Test worker] ERROR c.g.c.music.service.impl.TencentMusicServiceImpl:152 - vkey 获取成功 guid: 1808242589 vkey:8FFA5714BC33D601E397FD8C45B32267164B34FFFB710DC250D62D6E66E1B26E594094DF1E13FACD86253DD710F8EDCF7E375909FE2EFD78
2019-11-16 21:35:18.088 [Test worker] ERROR c.g.c.music.service.impl.TencentMusicServiceImpl:152 - vkey 获取成功 guid: 7959691139 vkey:978627A763CBBEA554523624BDCB77DF21D6A2F236DDAAB7093C0ADCEBBB0FE9EA67775DE40819946A79A52DBCB73224ABF98DE5F006BAFE
2019-11-16 21:35:18.135 [Test worker] ERROR c.g.c.music.service.impl.TencentMusicServiceImpl:152 - vkey 获取成功 guid: 4089622397 vkey:BC9EC22BEB2DB49B7DCC38E42BF533E539F20BB0B047B2F217EAFFD905F45CEEAE6874B7924DEE6135D254ACF15EB791478B0CC46F71E0E6
